  Eliminating mass equation .....
  Set mediumtype in all pipes .....
  Set heating value fuel in all pipes .....

 Cycle-Tempo iteration   0:
 --------------------------
   Calculating compositions .....
   Calculating mass fractions .....
   Calculating FluidProp mixtures .....
   Calculating thermodynamic properties .....
     Calculating mass flows from system equations....

 Cycle-Tempo iteration   1:
 --------------------------
   Calculating compositions .....
     No molefraction convergence in   1 pipes
     Max absolute deviation : 0.440E-02, pipe =  3
   Calculating mass fractions .....
   Calculating FluidProp mixtures .....
   Calculating thermodynamic properties .....
     Calculating mass flows from system equations....
   Checking convergence....
     No massflow convergence in   0 pipes
     Max relative deviation :  0.00    , pipe =  1
     Max absolute deviation :  0.00    , pipe =  1

 Cycle-Tempo iteration   2:
 --------------------------
   Calculating compositions .....
     No molefraction convergence in   0 pipes
     Max absolute deviation : 0.946E-04, pipe =  3
   Calculating mass fractions .....
   Calculating FluidProp mixtures .....
   Calculating thermodynamic properties .....
     Calculating mass flows from system equations....
   Checking convergence....
     No massflow convergence in   0 pipes
     Max relative deviation :  0.00    , pipe =  1
     Max absolute deviation :  0.00    , pipe =  1

 Convergence reached in   2 iterations.
 --------------------------------------
   Absolute deviation compositions:
     Criterion absolute deviation:     <  .100E-03
     Max absolute deviation in pipe   3: 0.946E-04
   Absolute deviation massflow:
     Criterion absolute deviation:     < 0.100E-11
     Max absolute deviation in pipe   1:  0.00    
     Relative deviation in this pipe:     0.00    
   Relative deviation massflow:
     Criterion relative deviation:     < 0.100E-03
     Max relative deviation in pipe   1:  0.00    
     Absolute deviation in this pipe:     0.00    

  Last calculation of compositions .....
  Last calculation of mass fractions .....
  Last calculation FluidProp mixtures .....
  Last calculation of thermodynamic properties .....
  Calculating heating values .....
  Calculating output for heat exchangers .....
  Calculating isentropic efficiencies .....
  Calculating transmitted heat .....
  Calculating system efficiency .....
 
 Calculation finished normally
 
