







                    CCC   Y     Y   CCC    L       EEEEE       TTTTT   EEEEE   M     M   PPPP     OOOO
                   C   C   Y   Y   C   C   L       E             T     E       MM   MM   P   P   O    O
                   C        Y Y    C       L       E             T     E       M M M M   P   P   O    O
                   C         Y     C       L       EEEEE   ===   T     EEEEE   M  M  M   PPPP    O    O
                   C         Y     C       L       E             T     E       M     M   P       O    O
                   C   C     Y     C   C   L       E             T     E       M     M   P       O    O
                    CCC      Y      CCC    LLLLL   EEEEE         T     EEEEE   M     M   P        OOOO






                   Cycle-Tempo :  Thermodynamic Energysystems, Massflow calculation for POwerprocesses 





                   Delft University of Technology (TU Delft)

                   Mechanical, Maritime and Materials Engineering (3mE) Faculty                

                   Energy Technolgy Section                 

                   Leeghwaterstraat 44                      

                   2628 CA Delft,   The Netherlands         



                   Release 5.0 (Build 484) (Intel Fortran 11.1.067)



                   Problem name        :  e:\modelica\cycletemo\test1\nhh_sdh

                   Problem description :  Description


                   System time         :  15:29:20

                   System date         :  28/06/2022

	
CONFIGURATION OF THE INSTALLATION
================================= 


NUMBER OF APPARATUS               NAPP =  14
NUMBER OF PIPES (LINKS)           NLIN =  16
NUMBER OF THERMAL CYCLES        NCYCLE =   1
TOTAL NUMBER OF TURBINES         NTURB =   0
NUMBER OF TURBINE DRIVEN PUMPS    NTDP =   0
NUMBER OF ABSORTION CYCLES      NABSOR =   0
NUMBER OF PRODUCTION FUNCTIONS  NPRODF =   0
LOAD CONDITION CODE             NDLOAD =   0    =0: DESIGN LOAD RUN
                                               >0: PART LOAD RUN, NDLOAD=NUMBER OF PARTLOAD CONDITIONS (&PARTLD)
DESIGN LOAD FACTOR              DFACTR =1.000000
OUTPUT CONTROL CODE             NPRINT =   4
     0=EXTENSIVE OUTPUT
     1=ALSO PUNCH PARTLOAD DATA
     2=COMPREHENSIVE OUTPUT
     3=MORE COMPREHENSIVE OUTPUT
     4=SHORTENED OUTPUT
ADDITIONAL OUTPUT CONTROL CODE    NXXX =   0
NUMBER OF TRACED APPARATUS      NTRACE =  10

MIN. NUMBER OF MAIN ITERATIONS  MINITM =   0
MAX. NUMBER OF MAIN ITERATIONS  MAXITM =  25
ADD. NUMBER OF MAIN ITERATIONS  MORITM =   0
UNDERRELAXATION INHIBITED AFTER  MAXUR =  25 STEPS
ACCURACY FOR ITERATION             EPS =0.000100
ELECTRICAL FREQUENCY              FREQ = 50.0 HZ

STORAGE USED FOR GENERAL COMMON AREA   =  15407 WORDS OF 4 BYTES


State functions for water/steam calculations:
  IAPWS Industrial Formulation 1997 (IAPWS-IF97)

	
COMPOSITION OF FLUIDS IN PIPES CONTAINING GASMIX (MOLE FRACTION)
================================================================


PIPES ->       2       9      14      17

O2         1.0000                  0.2075
NH3                1.0000  1.0000
N2                                 0.7729
H2O                                0.0101
AR                                 0.0092
CO2                                0.0003
	

NUMBER OF EQUATIONS
====================

NUMBER OF PRIMARY MASS EQUATIONS    = 10 NUMBER OF APPARATUS 14 MINUS SINKS WITHOUT MASS EQUATION  4

NUMBER OF SECONDARY MASS EQUATIONS  =  2 NUMBER OF TWO MEDIA APPARATUS TYPES 4,5,6,12,20,21,22,23

NUMBER OF PRESCRIBED MASS EQUATIONS  =  4 NUMBER OF TYPES 14,21,25,26,28 AND FOR CERTAIN CONDITIONS: 13,20,22,23

NUMBER OF AUTOMATIC ENERGY EQUATIONS =  0 NUMBER OF TYPES 5,7,11,15 AND IF EEQCOD EQUALS 1: 4,20,21,22,23

NUMBER OF EXPLICIT ENERGY EQUATIONS  =  0 NUMBER OF PRODUCTION FUNCTIONS

MINUS THE NUMBER OF CLOSED CYCLES    =  0 (NUMBER OF OPEN CYCLES =  1)

PLUS THE NUMBER OF ABSORPTION CYCLES =  0

                       MAKES TOGETHER  16 AND NLIN =  16
                       ---------------------------------

	

Cycle-Tempo iteration   0:
--------------------------

Cycle-Tempo iteration   1:
--------------------------

Cycle-Tempo iteration   2:
--------------------------
	
Main iteration convergence data 
=============================== 

---------------------------------------------------------------------------------------------------------
|     |           Compositions             |                         Massflows                          |
|Iter.|------------------------------------|------------------------------------------------------------|
| no. | num. pipes   maximum     pipe max. | num. pipes   maximum     pipe max.   maximum     pipe max. |
|     | no conver.   abs. dev.   abs. dev. | no conver.   abs. dev.   abs. dev.   rel. dev.   rel. dev. |
|-----|------------------------------------|------------------------------------------------------------|
|   1 |      2      0.178E-03         4    |      0      0.527E-05         4     0.950E-05        11    |
|   2 |      0      0.654E-05         5    |      0      0.888E-12         4     0.444E-11         2    |
---------------------------------------------------------------------------------------------------------

Convergence reached in   2 iterations.
--------------------------------------
  Absolute deviation compositions:
    Criterion absolute deviation:     <  .100E-03
    Max absolute deviation in pipe   5: 0.654E-05
  Absolute deviation massflow:
    Criterion absolute deviation:     < 0.100E-11
    Max absolute deviation in pipe   4: 0.888E-12
    Relative deviation in this pipe:    0.344E-12
  Relative deviation massflow:
    Criterion relative deviation:     < 0.100E-03
    Max relative deviation in pipe   2: 0.444E-11
    Absolute deviation in this pipe:    0.444E-15

	
     SYSTEM EFFICIENCIES, POWER INPUT AND OUTPUT
     ===========================================

     -----------------------------------------------------------------------
     |             ||  NO  APPARATUS     TYPE |   ENERGY        TOTALS     |
     |             ||                         |    [kW]          [kW]      |
     |=====================================================================|
     |---------------------------------------------------------------------|
     | AUX.POWER   ||  10  Compressor     29  |         0.00               | 
     -----------------------------------------------------------------------
	
ENERGY BALANCE OF THE SYSTEM
============================


DEFINITION OF TOTAL ENERGY
Def. 1: Enthalpy minus enthalpy by environmental
        conditions (water as LIQUID) plus HIGHER heating value
Def. 2: Enthalpy minus enthalpy by environmental
        conditions (water as VAPOUR) plus LOWER heating value


                                         POWER / HEAT TRANSMITTED FROM APPARATUS

   NO    APPARATUS    TYPE      BASED ON ENTHALPY      BASED ON TOTAL ENERGY FLOWS [MW]
                                FLOWS [MW]             DEFINITION 1          DEFINITION 2

    5    Heat Exchgr.   6             0.000                 0.000                 0.000
    8    Heat Exchgr.   6             0.000                 0.000                 0.000
   13    Node           9             0.000                 0.000                 0.000
    1    Sink/Source   10            -0.185                 1.161                 1.161
    6    Stack         10            -4.180                 2.419                 1.404
    7    Sink/Source   10             0.152                -0.026                 0.000
    2    Sink/Source   10             0.000                 0.000                 0.000
   12    Sink/Source   10             0.000                18.756                15.870
   14    Sink/Source   10             4.051               -22.471               -18.596
    3    Combustor     13             0.161                 0.161                 0.161
    4    Combustor     13             0.000                 0.000                 0.000
   11    Separator     26             0.000                 0.000                 0.000
   15    Separator     26             0.000                 0.000                 0.000
   10    Compressor    29             0.000                 0.000                 0.000

    7    PIPE                         0.000                 0.000                 0.000
   12    PIPE                         0.000                 0.000                 0.000
   13    PIPE                         0.000                 0.000                 0.000
   14    PIPE                         0.000                 0.000                 0.000
                               -------------- +      -------------- +      -------------- +
      TOTAL TRANSMITTED :             0.000                 0.000                 0.000
	
COMPOSITION OF FLUIDS IN PIPES CONTAINING GASMIX (MOLE FRACTION)
================================================================


PIPES ->       1       2       3       4       5       6       8       9

O2         0.0000  1.0000  0.0000  0.0112  0.0112      0.  0.0000      0.
NH3        0.1111      0.  0.1111      0.      0.  1.0000      0.  1.0000
N2         0.2222      0.  0.2222  0.7528  0.7528      0.  0.2500      0.
H2O        0.0000      0.  0.0000  0.2303  0.2303      0.  0.0000      0.
AR             0.      0.      0.  0.0055  0.0055      0.      0.      0.
CO2            0.      0.      0.  0.0002  0.0002      0.      0.      0.
H2         0.6667      0.  0.6667  0.0001  0.0001      0.  0.7500      0.

MOLMASS      9.46   32.00    9.46   25.82   25.82   17.03    8.52   17.03     (kg/kmol)

LHV        196.45    0.00  196.45    0.02    0.02  316.88  181.39  316.88     (kJ/mol)
HHV        233.10    0.00  233.10    0.02    0.02  382.86  214.38  382.86     (kJ/mol)

RH             0.      0.      0. ******* *******      0.      0.      0.     (--)    
x              0.      0.      0.  191.39  191.39      0.      0.      0.     (g/kg dry)


PIPES ->      10      11      13      14      15      17

O2         0.0000  0.0000      0.      0.      0.  0.2075
NH3            0.      0.      0.  1.0000  1.0000      0.
N2         0.2500      0.  0.5666      0.      0.  0.7729
H2O        0.0000      0.  0.0000      0.      0.  0.0101
AR             0.      0.      0.      0.      0.  0.0092
CO2            0.      0.      0.      0.      0.  0.0003
H2         0.7500  1.0000  0.4334      0.      0.      0.

MOLMASS      8.52    2.02   16.75   17.03   17.03   28.85     (kg/kmol)

LHV        181.39  241.85  104.83  316.88  316.88    0.00     (kJ/mol)
HHV        214.38  285.84  123.89  382.86  382.86    0.00     (kJ/mol)

RH             0.      0.      0.      0.      0.  0.3186     (--)    
x              0.      0.      0.      0.      0.    6.35     (g/kg dry)

	
HEATING VALUES OF FLUIDS IN PIPES CONTAINING GASMIX OR FUEL
===========================================================

CONDITIONS: TEMPERATURE =      25.00 °C
            PRESSURE    =       1.01 bar

                    MJ/ kg FLUID                          MJ/ kg FLUID WITHOUT WATER
PIPE NO         LHV                HHV                     LHV                HHV

  1            20.7629            24.6372                 20.7629            24.6372
  2             0.0000             0.0000                  0.0000             0.0000
  3            20.7629            24.6372                 20.7629            24.6372
  4             0.0006             0.0007                  0.0007             0.0009
  5             0.0006             0.0007                  0.0007             0.0009
  6            18.6064            22.4807                 18.6064            22.4807
  8            21.3020            25.1763                 21.3020            25.1763
  9            18.6064            22.4807                 18.6064            22.4807
 10            21.3020            25.1763                 21.3020            25.1763
 11           119.9786           141.8000                119.9786           141.8000
 13             6.2600             7.3986                  6.2600             7.3986
 14            18.6064            22.4807                 18.6064            22.4807
 15            18.6064            22.4807                 18.6064            22.4807
 17             0.0000             0.0000                  0.0000             0.0000
	

DATA FOR ALL PIPES; SUBSEQUENTLY INLET AND OUTLET
=================================================


PIPE  MEDIUM     |     MASS-FLOW  MOLE-FLOW  VOL-FLOW  |  PRESSURE   TEMPERATURE  ENTHALPY   ENTROPY   QUALITY   MASSFR
  NO  TYPE       |      [kg/s]    [kmol/s]    [m3/s]   |   [bar]        [°C]      [kJ/kg]   [kJ/kgK]  [%-VAPOUR]  [-]  


   1  GASMIX     |       1.2500     0.13212     1.3100 |    2.5000       25.00    -538.83   15.9125
                 |                              1.3100 |    2.5000       25.00    -538.83   15.9125
   2  GASMIX     |      0.00000     0.00000    0.00000 |    2.5000       25.00      -0.01    6.1729
                 |                             0.00000 |    2.5000       25.00      -0.01    6.1729
   3  GASMIX     |       1.2500     0.13212     3.5069 |    2.5000      525.00    1100.29   19.1180
                 |                              3.5069 |    2.5000      525.00    1100.29   19.1180

   4  GASMIX     |       2.5855     0.10012     15.110 |    1.0000     1541.91    -121.29    9.9256
                 |                              15.110 |    1.0000     1541.91    -121.29    9.9256
   5  GASMIX     |       2.5855     0.10012     6.2278 |    1.0000      475.00   -1616.78    8.6991
                 |                              6.2278 |    1.0000      475.00   -1616.78    8.6991
   6  GASMIX     |       1.2500     0.07340     3.7091 |    2.5000     1246.37    1100.29   15.5240
                 |                              3.7091 |    2.5000     1246.37    1100.29   15.5240

   7  NH3-H2O    |       1.0000     0.05872    0.32035 |    10.000      387.00    2233.59    6.4095     100.00   1.0000
                 |                             0.32035 |    10.000      387.00    2233.59    6.4095     100.00   1.0000
   8  GASMIX     |       1.0000     0.11744     1.1645 |    2.5000       25.00       0.25   16.7907
                 |                              1.1645 |    2.5000       25.00       0.25   16.7907
   9  GASMIX     |      0.25000     0.01468    0.14556 |    2.5000       25.00   -2695.13   10.8673
                 |                             0.14556 |    2.5000       25.00   -2695.13   10.8673

  10  GASMIX     |       1.0000     0.11744     1.1645 |    2.5000       25.00       0.25   16.7907
                 |                              1.1645 |    2.5000       25.00       0.25   16.7907
  11  GASMIX     |      0.13227     0.06562    0.65064 |    2.5000       25.00       1.49   61.0524
                 |                             0.65064 |    2.5000       25.00       1.49   61.0524
  12  NH3-H2O    |       1.0000     0.05872    0.06513 |    10.000       25.00     184.68    2.3764       5.79   1.0000
                 |                             0.06513 |    10.000       24.90     184.68    2.3764       5.79   1.0000

  13  GASMIX     |      0.86773     0.05182    0.51382 |    2.5000       25.00       0.06    9.7506
                 |                              1.2845 |    1.0000       25.00       0.06   10.2055
  14  GASMIX     |       1.0000     0.05872    0.32228 |    10.000      387.00   -1817.39   12.0824
                 |                              1.2891 |     2.500      387.00   -1817.39   12.7592
  15  GASMIX     |       1.2500     0.07340     1.4530 |    2.5000      322.08   -1992.94   12.4794
                 |                              1.4530 |    2.5000      322.08   -1992.94   12.4794

  17  GASMIX     |       1.7177     0.05953     1.4757 |    1.0000       25.00     -88.75    6.9035
                 |                              1.4757 |    1.0000       25.00     -88.75    6.9035
	

LOSSES IN PIPES
===============

    PIPE      TOTAL PRESSURE   TEMPERATURE     ENTHALPY       ENTROPY     
     NO            DROP         DECREASE       DECREASE       INCREASE    
                   [bar]          [°C]          [kJ/kg]       [kJ/kg.K]   

       7           0.00           0.00           0.00         0.0000
      12           0.00           0.10           0.00         0.0000
      13           1.50           0.00           0.00         0.4550
      14           7.50           0.00           0.00         0.6768

                                              -------- +

TOTAL LOSSES IN PIPES:                           0.00 [kJ/s]
	
ROTATING EQUIPMENT 
================== 

  NO    APPARATUS    TYPE     ISENTROPIC        MECHANICAL          EXHAUST
                              EFF. [%]          EFF. [%]            LOSSES [kJ/kg]

  10    Compressor    29      70.00  input      100.00  fixed  


MOTORS AND GENERATORS 
===================== 

  NO    APPARATUS    TYPE     MECHANICAL        ELECTRICAL        BOTH
                              EFF. [%]          EFF. [%]           [%]

  10    Compressor    29                                         60.00  calc.  


HEAT EXCHANGING EQUIPMENT
=========================

                               HEAT TRANSMITTED    HIGH TERMINAL     LOW TERMINAL        FLOW-
  NO    APPARATUS    TYPE        IN APPARATUS     TEMP DIFFERENCE   TEMP DIFFERENCE    DIRECTION
                                    [kJ/s]             [°C]              [°C]

   5    Heat Exchgr.   6           3866.55           -152.92           -295.55          Counter 
   8    Heat Exchgr.   6           2048.91             -0.10           -138.00          Counter 
	


==========================================
=                                        =
=     APPARATUSES IN OFF-DESIGN MODE     =
=                                        =
==========================================

NO TURBINES, COMPRESSORS OR HEAT EXCHANGERS PRESENT IN OFF-DESIGN MODE
======================================================================


======================================
=                                    =
=     APPARATUSES IN DESIGN MODE     =
=                                    =
======================================


DESIGN DATA FOR COMPRESSORS
===========================

NUMBER OF     VOLUME FLOW     ISENTROPIC    PRESSURE
APPARATUS       [m3/s]        EFFICIENCY     RATIO

    10            1.16          0.70          1.00


DESIGN DATA FOR HEAT EXCHANGERS
===============================

NUMBER OF     TERMINAL TEMP. DIFFERENCE     FACTOR       MASS FLOW
APPARATUS        HIGH           LOW           U*A           RATE

    5         -152.92         -295.55       17.8630       2.58546    
    8           -0.10         -138.00       107.419       1.25000    
