







                    CCC   Y     Y   CCC    L       EEEEE       TTTTT   EEEEE   M     M   PPPP     OOOO
                   C   C   Y   Y   C   C   L       E             T     E       MM   MM   P   P   O    O
                   C        Y Y    C       L       E             T     E       M M M M   P   P   O    O
                   C         Y     C       L       EEEEE   ===   T     EEEEE   M  M  M   PPPP    O    O
                   C         Y     C       L       E             T     E       M     M   P       O    O
                   C   C     Y     C   C   L       E             T     E       M     M   P       O    O
                    CCC      Y      CCC    LLLLL   EEEEE         T     EEEEE   M     M   P        OOOO






                   Cycle-Tempo :  Thermodynamic Energysystems, Massflow calculation for POwerprocesses 





                   Delft University of Technology (TU Delft)

                   Mechanical, Maritime and Materials Engineering (3mE) Faculty                

                   Energy Technolgy Section                 

                   Leeghwaterstraat 44                      

                   2628 CA Delft,   The Netherlands         



                   Release 5.0 (Build 484) (Intel Fortran 11.1.067)



                   Problem name        :  e:\modelica_cycletempo\cycletemo\test1\nhh_sdh09211

                   Problem description :  Description


                   System time         :  11:11:15

                   System date         :  18/11/2022

	
CONFIGURATION OF THE INSTALLATION
================================= 


NUMBER OF APPARATUS               NAPP =  25
NUMBER OF PIPES (LINKS)           NLIN =  29
NUMBER OF THERMAL CYCLES        NCYCLE =   3
TOTAL NUMBER OF TURBINES         NTURB =   0
NUMBER OF TURBINE DRIVEN PUMPS    NTDP =   0
NUMBER OF ABSORTION CYCLES      NABSOR =   0
NUMBER OF PRODUCTION FUNCTIONS  NPRODF =   0
LOAD CONDITION CODE             NDLOAD =   0    =0: DESIGN LOAD RUN
                                               >0: PART LOAD RUN, NDLOAD=NUMBER OF PARTLOAD CONDITIONS (&PARTLD)
DESIGN LOAD FACTOR              DFACTR =1.000000
OUTPUT CONTROL CODE             NPRINT =   4
     0=EXTENSIVE OUTPUT
     1=ALSO PUNCH PARTLOAD DATA
     2=COMPREHENSIVE OUTPUT
     3=MORE COMPREHENSIVE OUTPUT
     4=SHORTENED OUTPUT
ADDITIONAL OUTPUT CONTROL CODE    NXXX =   0
NUMBER OF TRACED APPARATUS      NTRACE =  10

MIN. NUMBER OF MAIN ITERATIONS  MINITM =   0
MAX. NUMBER OF MAIN ITERATIONS  MAXITM =  25
ADD. NUMBER OF MAIN ITERATIONS  MORITM =   0
UNDERRELAXATION INHIBITED AFTER  MAXUR =  25 STEPS
ACCURACY FOR ITERATION             EPS =0.000100
ELECTRICAL FREQUENCY              FREQ = 50.0 HZ

STORAGE USED FOR GENERAL COMMON AREA   =  27547 WORDS OF 4 BYTES


State functions for water/steam calculations:
  IAPWS Industrial Formulation 1997 (IAPWS-IF97)

	
COMPOSITION OF FLUIDS IN PIPES CONTAINING GASMIX (MOLE FRACTION)
================================================================


PIPES ->       5      17     160     202

NH3        1.0000          1.0000
N2                 0.7729
O2                 0.2075          1.0000
H2O                0.0101
AR                 0.0092
CO2                0.0003
	

NUMBER OF EQUATIONS
====================

NUMBER OF PRIMARY MASS EQUATIONS    = 19 NUMBER OF APPARATUS 25 MINUS SINKS WITHOUT MASS EQUATION  6

NUMBER OF SECONDARY MASS EQUATIONS  =  5 NUMBER OF TWO MEDIA APPARATUS TYPES 4,5,6,12,20,21,22,23

NUMBER OF PRESCRIBED MASS EQUATIONS  =  5 NUMBER OF TYPES 14,21,25,26,28 AND FOR CERTAIN CONDITIONS: 13,20,22,23

NUMBER OF AUTOMATIC ENERGY EQUATIONS =  0 NUMBER OF TYPES 5,7,11,15 AND IF EEQCOD EQUALS 1: 4,20,21,22,23

NUMBER OF EXPLICIT ENERGY EQUATIONS  =  0 NUMBER OF PRODUCTION FUNCTIONS

MINUS THE NUMBER OF CLOSED CYCLES    =  0 (NUMBER OF OPEN CYCLES =  3)

PLUS THE NUMBER OF ABSORPTION CYCLES =  0

                       MAKES TOGETHER  29 AND NLIN =  29
                       ---------------------------------

	

Cycle-Tempo iteration   0:
--------------------------

Cycle-Tempo iteration   1:
--------------------------

Cycle-Tempo iteration   2:
--------------------------
	
Main iteration convergence data 
=============================== 

---------------------------------------------------------------------------------------------------------
|     |           Compositions             |                         Massflows                          |
|Iter.|------------------------------------|------------------------------------------------------------|
| no. | num. pipes   maximum     pipe max. | num. pipes   maximum     pipe max.   maximum     pipe max. |
|     | no conver.   abs. dev.   abs. dev. | no conver.   abs. dev.   abs. dev.   rel. dev.   rel. dev. |
|-----|------------------------------------|------------------------------------------------------------|
|   1 |      5      0.374            16    |      5      0.276            17     0.906            17    |
|   2 |      0      0.896E-04        18    |      0      0.154E-06        18     0.507E-06        17    |
---------------------------------------------------------------------------------------------------------

Convergence reached in   2 iterations.
--------------------------------------
  Absolute deviation compositions:
    Criterion absolute deviation:     <  .100E-03
    Max absolute deviation in pipe  18: 0.896E-04
  Absolute deviation massflow:
    Criterion absolute deviation:     < 0.100E-11
    Max absolute deviation in pipe  18: 0.154E-06
    Relative deviation in this pipe:    0.343E-06
  Relative deviation massflow:
    Criterion relative deviation:     < 0.100E-03
    Max relative deviation in pipe  17: 0.507E-06
    Absolute deviation in this pipe:    0.154E-06

	
     SYSTEM EFFICIENCIES, POWER INPUT AND OUTPUT
     ===========================================

     -----------------------------------------------------------------------
     |             ||  NO  APPARATUS     TYPE |   ENERGY        TOTALS     |
     |             ||                         |    [kW]          [kW]      |
     |=====================================================================|
     |---------------------------------------------------------------------|
     | DELIVERED   ||  19  Heat Sink      10  |       -29.95               | 
     | HEAT        ||                         |                     -29.95 | 
     -----------------------------------------------------------------------
	
ENERGY BALANCE OF THE SYSTEM
============================


DEFINITION OF TOTAL ENERGY
Def. 1: Enthalpy minus enthalpy by environmental
        conditions (water as LIQUID) plus HIGHER heating value
Def. 2: Enthalpy minus enthalpy by environmental
        conditions (water as VAPOUR) plus LOWER heating value


                                         POWER / HEAT TRANSMITTED FROM APPARATUS

   NO    APPARATUS    TYPE      BASED ON ENTHALPY      BASED ON TOTAL ENERGY FLOWS [MW]
                                FLOWS [MW]             DEFINITION 1          DEFINITION 2

    5    Heat Exchgr.   6             0.000                 0.000                 0.000
    8    Heat Exchgr.   6             0.000                 0.000                 0.000
   10    Heat Exchgr.   6             0.000                 0.000                 0.000
   21    Heat Exchgr.   6             0.000                 0.000                 0.000
   22    Heat Exchgr.   6             0.000                 0.000                 0.000
    9    Node           9             0.000                 0.000                 0.000
    6    Stack         10            -1.006                 0.218                 0.030
    7    Sink/Source   10             0.027                -0.005                 0.000
    2    Sink/Source   10             0.000                 0.000                 0.000
   12    Sink/Source   10             0.005                 2.991                 2.532
   13    Sink/Source   10             0.146                 0.041                -2.401
   14    Sink/Source   10             0.581                -3.161                -2.618
   16    Sink/Source   10             0.000                 0.000                 0.000
   17    Sink/Source   10             0.000                 0.000                 0.000
   19    Heat Sink     10            -0.030                -0.030                -0.030
   20    Sink/Source   10             0.104                -0.578                -0.479
    1    Sink/Source   10            -0.021                 0.227                 0.227
   23    Sink/Source   10            -0.085                 0.020                 2.462
   24    Sink/Source   10             0.155                 0.050                -2.392
   25    Sink/Source   10            -0.084                 0.021                 2.463
    3    Combustor     13             0.210                 0.210                 0.210
    4    Combustor     13             0.000                 0.000                 0.000
   18    Valve         14             0.000                -0.004                -0.004
   11    Separator     26             0.000                 0.000                 0.000
   15    Separator     26             0.000                 0.000                 0.000

    2    PIPE                         0.000                 0.000                 0.000
   10    PIPE                         0.000                 0.000                 0.000
   15    PIPE                         0.000                 0.000                 0.000
   72    PIPE                         0.000                 0.000                 0.000
                               -------------- +      -------------- +      -------------- +
      TOTAL TRANSMITTED :             0.000                 0.000                 0.000
	
COMPOSITION OF FLUIDS IN PIPES CONTAINING GASMIX (MOLE FRACTION)
================================================================


PIPES ->       5       6       7       8       9      10      11      12

NH3        1.0000  1.0000  0.0026  0.0026  0.0026      0.      0.      0.
N2             0.      0.  0.2494  0.2494  0.2494  0.2500  0.0001  0.6896
O2             0.      0.  0.0000  0.0000  0.0000  0.0000  0.0000      0.
H2O            0.      0.  0.0000  0.0000  0.0000  0.0000      0.  0.0000
AR             0.      0.      0.      0.      0.      0.      0.      0.
CO2            0.      0.      0.      0.      0.      0.      0.      0.
H2             0.      0.  0.7481  0.7481  0.7481  0.7500  0.9999  0.3104

MOLMASS     17.03   17.03    8.54    8.54    8.54    8.52    2.02   19.94     (kg/kmol)

LHV        316.88  316.88  181.74  181.74  181.74  181.39  241.84   75.07     (kJ/mol)
HHV        382.86  382.86  214.81  214.81  214.81  214.38  285.82   88.72     (kJ/mol)

RH             0.      0.      0.      0.      0.      0.      0.      0.     (--)    
x              0.      0.      0.      0.      0.      0.      0.      0.     (g/kg dry)


PIPES ->      16      17      18      19      20     160     202     236

NH3        0.2071      0.      0.      0.      0.  1.0000      0.      0.
N2         0.5468  0.7729  0.7440  0.7440  0.7440      0.      0.  0.7440
O2             0.  0.2075  0.0060  0.0060  0.0060      0.  1.0000  0.0060
H2O        0.0000  0.0101  0.2441  0.2441  0.2441      0.      0.  0.2441
AR             0.  0.0092  0.0055  0.0055  0.0055      0.      0.  0.0055
CO2            0.  0.0003  0.0002  0.0002  0.0002      0.      0.  0.0002
H2         0.2461      0.  0.0002  0.0002  0.0002      0.      0.  0.0002

MOLMASS     19.34   28.85   25.66   25.66   25.66   17.03   32.00   25.66     (kg/kmol)

LHV        125.16    0.00    0.04    0.04    0.04  316.88    0.00    0.04     (kJ/mol)
HHV        149.65    0.00    0.05    0.05    0.05  382.86    0.00    0.05     (kJ/mol)

RH             0.  0.3186 *******  0.0124  0.5148      0.      0. *******     (--)    
x              0.    6.35  206.80  206.80  206.80      0.      0.  206.80     (g/kg dry)


PIPES ->     452     453

NH3        1.0000  1.0000
N2             0.      0.
O2             0.      0.
H2O            0.      0.
AR             0.      0.
CO2            0.      0.
H2             0.      0.

MOLMASS     17.03   17.03     (kg/kmol)

LHV        316.88  316.88     (kJ/mol)
HHV        382.86  382.86     (kJ/mol)

RH             0.      0.     (--)    
x              0.      0.     (g/kg dry)

	
HEATING VALUES OF FLUIDS IN PIPES CONTAINING GASMIX OR FUEL
===========================================================

CONDITIONS: TEMPERATURE =      25.00 °C
            PRESSURE    =       1.01 bar

                    MJ/ kg FLUID                          MJ/ kg FLUID WITHOUT WATER
PIPE NO         LHV                HHV                     LHV                HHV

  5            18.6064            22.4807                 18.6064            22.4807
  6            18.6064            22.4807                 18.6064            22.4807
  7            21.2882            25.1626                 21.2882            25.1626
  8            21.2882            25.1626                 21.2882            25.1626
  9            21.2882            25.1626                 21.2882            25.1626
 10            21.3020            25.1763                 21.3020            25.1763
 11           119.8481           141.6457                119.8481           141.6457
 12             3.7640             4.4485                  3.7640             4.4485
 16             6.4712             7.7376                  6.4712             7.7376
 17             0.0000             0.0000                  0.0000             0.0000
 18             0.0016             0.0019                  0.0020             0.0023
 19             0.0016             0.0019                  0.0020             0.0023
 20             0.0016             0.0019                  0.0020             0.0023
160            18.6064            22.4807                 18.6064            22.4807
202             0.0000             0.0000                  0.0000             0.0000
236             0.0016             0.0019                  0.0020             0.0023
452            18.6064            22.4807                 18.6064            22.4807
453            18.6064            22.4807                 18.6064            22.4807
	

DATA FOR ALL PIPES; SUBSEQUENTLY INLET AND OUTLET
=================================================


PIPE  MEDIUM     |     MASS-FLOW  MOLE-FLOW  VOL-FLOW  |  PRESSURE   TEMPERATURE  ENTHALPY   ENTROPY   QUALITY   MASSFR
  NO  TYPE       |      [kg/s]    [kmol/s]    [m3/s]   |   [bar]        [°C]      [kJ/kg]   [kJ/kgK]  [%-VAPOUR]  [-]  


   1  NH3        |      0.16600     0.00975    0.00026 |    20.000       -5.00     128.97    0.4970       0.00
                 |                             0.00026 |    20.000       -5.00     128.97    0.4970       0.00
   2  WATERSTM   |       1.0000     0.05551    0.00101 |    7.2500       34.69     145.98    0.5007       0.00
                 |                             0.00101 |    1.0000       34.82     145.98    0.5027       0.00
   3  NH3        |      0.16600     0.00975    0.00026 |    12.000       -4.88     128.97    0.5016       0.00
                 |                             0.00026 |    12.000       -4.88     128.97    0.5016       0.00

   4  NH3        |      0.14028     0.00824    0.00022 |    9.3000       -4.84     128.97    0.5032       0.00
                 |                             0.00022 |    9.3000       -4.84     128.97    0.5032       0.00
   5  GASMIX     |      0.14028     0.00824    0.08321 |    2.5000       30.60   -2683.40   10.9063
                 |                             0.08321 |    2.5000       30.60   -2683.40   10.9063
   6  GASMIX     |      0.14028     0.00824    0.19810 |    2.5000      450.00   -1639.75   13.0161
                 |                             0.19810 |    2.5000      450.00   -1639.75   13.0161

   7  GASMIX     |      0.14028     0.01643    0.44985 |    2.5000      550.00    1802.53   20.2792
                 |                             0.44985 |    2.5000      550.00    1802.53   20.2792
   8  GASMIX     |      0.14028     0.01643    0.24119 |    2.5000      168.19     474.96   18.1153
                 |                             0.24119 |    2.5000      168.19     474.96   18.1153
   9  GASMIX     |      0.14028     0.01643    0.17114 |    2.5000       40.00      37.40   16.9444
                 |                             0.17114 |    2.5000       40.00      37.40   16.9444

  10  GASMIX     |      0.13957     0.01639    0.17070 |    2.5000       40.00      51.24   16.9576
                 |                             0.42674 |    1.0000       40.00      51.24   17.8522
  11  GASMIX     |      0.02109     0.01045    0.27207 |    1.0000       40.00     216.23   65.4747
                 |                             0.27207 |    1.0000       40.00     216.23   65.4747
  12  GASMIX     |      0.11848     0.00594    0.15467 |    1.0000       40.00      21.88    8.9890
                 |                             0.15467 |    1.0000       40.00      21.88    8.9890

  13  WATERSTM   |       1.0000     0.05551    0.00100 |    1.0000       20.00      84.01    0.2965       0.00
                 |                             0.00100 |    1.0000       20.00      84.01    0.2965       0.00
  14  NH3-H2O    |      0.02572     0.00151    0.00180 |    9.3000       22.57     128.97    2.3709       1.96   1.0000
                 |                             0.00180 |    9.3000       22.57     128.97    2.3709       1.96   1.0000
  15  NH3-H2O    |      0.02572     0.00151    0.00322 |    10.450       29.20    1293.66    4.3463     100.00   1.0000
                 |                             0.00322 |    10.450       29.18    1293.66    4.3463     100.00   1.0000

  16  GASMIX     |      0.14491     0.00749    0.18937 |    1.0000       30.84    -482.39    9.6045
                 |                             0.18937 |    1.0000       30.84    -482.39    9.6045
  17  GASMIX     |      0.30457     0.01056    0.26166 |    1.0000       25.00     -88.75    6.9035
                 |                             0.26166 |    1.0000       25.00     -88.75    6.9035
  18  GASMIX     |      0.44949     0.01752     2.2193 |    1.0000     1250.75    -681.80    9.7264
                 |                              2.2193 |    1.0000     1250.75    -681.80    9.7264

  19  GASMIX     |      0.44949     0.01752    0.70592 |    1.0000      211.70   -2081.84    8.2141
                 |                             0.70592 |    1.0000      211.70   -2081.84    8.2141
  20  GASMIX     |      0.44949     0.01752    0.51371 |    1.0000       80.00   -2239.01    7.8360
                 |                             0.51371 |    1.0000       80.00   -2239.01    7.8360
  22  NH3-H2O    |      0.02572     0.00151    0.03388 |    1.0000        0.92    1293.66    5.4331     100.00   1.0000
                 |                             0.03388 |    1.0000        0.92    1293.66    5.4331     100.00   1.0000

  27  WATERSTM   |       1.0000     0.05551    0.00100 |    7.2500       20.00      84.60    0.2964       0.00
                 |                             0.00100 |    7.2500       20.00      84.60    0.2964       0.00
  29  WATERSTM   |       1.0000     0.05551    0.00101 |    1.0000       36.90     154.66    0.5308       0.00
                 |                             0.00101 |    1.0000       36.90     154.66    0.5308       0.00
  72  NH3        |      0.14028     0.00824    0.02017 |    9.3000       30.60    1456.54    5.0126     100.00
                 |                             0.07543 |    2.5000       30.60    1456.54    5.6154     100.00

 160  GASMIX     |      0.02572     0.00151    0.03441 |    1.0000        0.92   -2744.94   11.1405
                 |                             0.03441 |    1.0000        0.92   -2744.94   11.1405
 202  GASMIX     |      0.00000     0.00000    0.00000 |    2.5000       25.00      -0.01    6.1729
                 |                             0.00000 |    2.5000       25.00      -0.01    6.1729
 236  GASMIX     |      0.44949     0.01752     1.0895 |    1.0000      475.00   -1756.12    8.7495
                 |                              1.0895 |    1.0000      475.00   -1756.12    8.7495

 452  GASMIX     |      0.14028     0.00824    0.46473 |    2.5000     1423.29    1802.53   15.9610
                 |                             0.46473 |    2.5000     1423.29    1802.53   15.9610
 453  GASMIX     |      0.00072     0.00004    0.00109 |    1.0000       40.00   -2663.60   11.4178
                 |                             0.00109 |    1.0000       40.00   -2663.60   11.4178
	

LOSSES IN PIPES
===============

    PIPE      TOTAL PRESSURE   TEMPERATURE     ENTHALPY       ENTROPY     
     NO            DROP         DECREASE       DECREASE       INCREASE    
                   [bar]          [°C]          [kJ/kg]       [kJ/kg.K]   

       2           6.25          -0.13           0.00         0.0020
      10           1.50           0.00           0.00         0.8947
      15           0.00           0.02           0.00         0.0000
      72           6.80           0.00           0.00         0.6028

                                              -------- +

TOTAL LOSSES IN PIPES:                           0.00 [kJ/s]


HEAT EXCHANGING EQUIPMENT
=========================

                               HEAT TRANSMITTED    HIGH TERMINAL     LOW TERMINAL        FLOW-
  NO    APPARATUS    TYPE        IN APPARATUS     TEMP DIFFERENCE   TEMP DIFFERENCE    DIRECTION
                                    [kJ/s]             [°C]              [°C]

   5    Heat Exchgr.   6            482.89            -25.00            172.54          Counter 
   8    Heat Exchgr.   6            186.24           -173.02           -519.40          Counter 
  10    Heat Exchgr.   6            146.41           -181.10            -25.00          Counter 
  21    Heat Exchgr.   6             61.38            -20.00           -133.50          Counter 
  22    Heat Exchgr.   6             70.65            -60.00           -174.81          Counter 
	


==========================================
=                                        =
=     APPARATUSES IN OFF-DESIGN MODE     =
=                                        =
==========================================

NO TURBINES, COMPRESSORS OR HEAT EXCHANGERS PRESENT IN OFF-DESIGN MODE
======================================================================


======================================
=                                    =
=     APPARATUSES IN DESIGN MODE     =
=                                    =
======================================


DESIGN DATA FOR HEAT EXCHANGERS
===============================

NUMBER OF     TERMINAL TEMP. DIFFERENCE     FACTOR       MASS FLOW
APPARATUS        HIGH           LOW           U*A           RATE

    5          -25.00          172.54      -8888.88      0.449487    
    8         -173.02         -519.40      0.591028      0.140283    
   10         -181.10          -25.00       1.85719      0.449487    
   21          -20.00         -133.50       1.02667      0.140283    
   22          -60.00         -174.81      0.658008      0.449487    
